# JRE version: OpenJDK Runtime Environment Temurin-17.0.7+7 (17.0.7+7) (build 17.0.7+7)
# Java VM: OpenJDK 64-Bit Server VM Temurin-17.0.7+7 (17.0.7+7, mixed mode, emulated-client, tiered, compressed oops, compressed class ptrs, g1 gc, windows-amd64)
GC Precious Log:
 CPUs: 8 total, 8 available
 Memory: 8068M
 Large Page Support: Disabled
 NUMA Support: Disabled
 Compressed Oops: Enabled (32-bit)
 Heap Region Size: 1M
 Heap Min Capacity: 8M
 Heap Initial Capacity: 128M
 Heap Max Capacity: 1G
 Pre-touch: Disabled
 Parallel Workers: 8
 Concurrent Workers: 2
 Concurrent Refinement Workers: 8
 Periodic GC: Disabled
Heap:
 garbage-first heap   total 48128K, used 14134K [0x00000000c0000000, 0x0000000100000000)
  region size 1024K, 1 young (1024K), 0 survivors (0K)
 Metaspace       used 34450K, committed 34944K, reserved 1114112K
  class space    used 4467K, committed 4672K, reserved 1048576K
GC Heap History (20 events):
Event: 82655.486 GC heap before
{Heap before GC invocations=2111 (full 2102):
 garbage-first heap   total 48128K, used 14134K [0x00000000c0000000, 0x0000000100000000)
  region size 1024K, 1 young (1024K), 0 survivors (0K)
 Metaspace       used 34450K, committed 34944K, reserved 1114112K
  class space    used 4467K, committed 4672K, reserved 1048576K
}
Event: 82655.510 GC heap after
{Heap after GC invocations=2112 (full 2103):
 garbage-first heap   total 48128K, used 14134K [0x00000000c0000000, 0x0000000100000000)
  region size 1024K, 0 young (0K), 0 survivors (0K)
 Metaspace       used 34450K, committed 34944K, reserved 1114112K
  class space    used 4467K, committed 4672K, reserved 1048576K
}
Event: 82666.143 GC heap before
{Heap before GC invocations=2112 (full 2103):
 garbage-first heap   total 48128K, used 14134K [0x00000000c0000000, 0x0000000100000000)
  region size 1024K, 1 young (1024K), 0 survivors (0K)
 Metaspace       used 34450K, committed 34944K, reserved 1114112K
  class space    used 4467K, committed 4672K, reserved 1048576K
}
Event: 82666.177 GC heap after
{Heap after GC invocations=2113 (full 2104):
 garbage-first heap   total 48128K, used 14134K [0x00000000c0000000, 0x0000000100000000)
  region size 1024K, 0 young (0K), 0 survivors (0K)
 Metaspace       used 34450K, committed 34944K, reserved 1114112K
  class space    used 4467K, committed 4672K, reserved 1048576K
}
Event: 82676.638 GC heap before
{Heap before GC invocations=2113 (full 2104):
 garbage-first heap   total 48128K, used 14134K [0x00000000c0000000, 0x0000000100000000)
  region size 1024K, 1 young (1024K), 0 survivors (0K)
 Metaspace       used 34450K, committed 34944K, reserved 1114112K
  class space    used 4467K, committed 4672K, reserved 1048576K
}
Event: 82676.666 GC heap after
{Heap after GC invocations=2114 (full 2105):
 garbage-first heap   total 48128K, used 14134K [0x00000000c0000000, 0x0000000100000000)
  region size 1024K, 0 young (0K), 0 survivors (0K)
 Metaspace       used 34450K, committed 34944K, reserved 1114112K
  class space    used 4467K, committed 4672K, reserved 1048576K
}
Event: 82686.996 GC heap before
{Heap before GC invocations=2114 (full 2105):
 garbage-first heap   total 48128K, used 14134K [0x00000000c0000000, 0x0000000100000000)
  region size 1024K, 1 young (1024K), 0 survivors (0K)
 Metaspace       used 34450K, committed 34944K, reserved 1114112K
  class space    used 4467K, committed 4672K, reserved 1048576K
}
Event: 82687.059 GC heap after
{Heap after GC invocations=2115 (full 2106):
 garbage-first heap   total 48128K, used 14134K [0x00000000c0000000, 0x0000000100000000)
  region size 1024K, 0 young (0K), 0 survivors (0K)
 Metaspace       used 34450K, committed 34944K, reserved 1114112K
  class space    used 4467K, committed 4672K, reserved 1048576K
}
Event: 82697.319 GC heap before
{Heap before GC invocations=2115 (full 2106):
 garbage-first heap   total 48128K, used 14134K [0x00000000c0000000, 0x0000000100000000)
  region size 1024K, 1 young (1024K), 0 survivors (0K)
 Metaspace       used 34450K, committed 34944K, reserved 1114112K
  class space    used 4467K, committed 4672K, reserved 1048576K
}
Event: 82697.376 GC heap after
{Heap after GC invocations=2116 (full 2107):
 garbage-first heap   total 48128K, used 14134K [0x00000000c0000000, 0x0000000100000000)
  region size 1024K, 0 young (0K), 0 survivors (0K)
 Metaspace       used 34450K, committed 34944K, reserved 1114112K
  class space    used 4467K, committed 4672K, reserved 1048576K
}
Event: 82707.699 GC heap before
{Heap before GC invocations=2116 (full 2107):
 garbage-first heap   total 48128K, used 14134K [0x00000000c0000000, 0x0000000100000000)
  region size 1024K, 1 young (1024K), 0 survivors (0K)
 Metaspace       used 34450K, committed 34944K, reserved 1114112K
  class space    used 4467K, committed 4672K, reserved 1048576K
}
Event: 82707.733 GC heap after
{Heap after GC invocations=2117 (full 2108):
 garbage-first heap   total 48128K, used 14134K [0x00000000c0000000, 0x0000000100000000)
  region size 1024K, 0 young (0K), 0 survivors (0K)
 Metaspace       used 34450K, committed 34944K, reserved 1114112K
  class space    used 4467K, committed 4672K, reserved 1048576K
}
Event: 82718.093 GC heap before
{Heap before GC invocations=2117 (full 2108):
 garbage-first heap   total 48128K, used 14134K [0x00000000c0000000, 0x0000000100000000)
  region size 1024K, 1 young (1024K), 0 survivors (0K)
 Metaspace       used 34450K, committed 34944K, reserved 1114112K
  class space    used 4467K, committed 4672K, reserved 1048576K
}
Event: 82718.153 GC heap after
{Heap after GC invocations=2118 (full 2109):
 garbage-first heap   total 48128K, used 14134K [0x00000000c0000000, 0x0000000100000000)
  region size 1024K, 0 young (0K), 0 survivors (0K)
 Metaspace       used 34450K, committed 34944K, reserved 1114112K
  class space    used 4467K, committed 4672K, reserved 1048576K
}
Event: 82728.591 GC heap before
{Heap before GC invocations=2118 (full 2109):
 garbage-first heap   total 48128K, used 14134K [0x00000000c0000000, 0x0000000100000000)
  region size 1024K, 1 young (1024K), 0 survivors (0K)
 Metaspace       used 34450K, committed 34944K, reserved 1114112K
  class space    used 4467K, committed 4672K, reserved 1048576K
}
Event: 82728.630 GC heap after
{Heap after GC invocations=2119 (full 2110):
 garbage-first heap   total 48128K, used 14134K [0x00000000c0000000, 0x0000000100000000)
  region size 1024K, 0 young (0K), 0 survivors (0K)
 Metaspace       used 34450K, committed 34944K, reserved 1114112K
  class space    used 4467K, committed 4672K, reserved 1048576K
}
Event: 82738.857 GC heap before
{Heap before GC invocations=2119 (full 2110):
 garbage-first heap   total 48128K, used 14134K [0x00000000c0000000, 0x0000000100000000)
  region size 1024K, 1 young (1024K), 0 survivors (0K)
 Metaspace       used 34450K, committed 34944K, reserved 1114112K
  class space    used 4467K, committed 4672K, reserved 1048576K
}
Event: 82738.892 GC heap after
{Heap after GC invocations=2120 (full 2111):
 garbage-first heap   total 48128K, used 14134K [0x00000000c0000000, 0x0000000100000000)
  region size 1024K, 0 young (0K), 0 survivors (0K)
 Metaspace       used 34450K, committed 34944K, reserved 1114112K
  class space    used 4467K, committed 4672K, reserved 1048576K
}
Event: 82749.117 GC heap before
{Heap before GC invocations=2120 (full 2111):
 garbage-first heap   total 48128K, used 14134K [0x00000000c0000000, 0x0000000100000000)
  region size 1024K, 1 young (1024K), 0 survivors (0K)
 Metaspace       used 34450K, committed 34944K, reserved 1114112K
  class space    used 4467K, committed 4672K, reserved 1048576K
}
Event: 82749.146 GC heap after
{Heap after GC invocations=2121 (full 2112):
 garbage-first heap   total 48128K, used 14134K [0x00000000c0000000, 0x0000000100000000)
  region size 1024K, 0 young (0K), 0 survivors (0K)
 Metaspace       used 34450K, committed 34944K, reserved 1114112K
  class space    used 4467K, committed 4672K, reserved 1048576K
}

